<?xml version="1.0" encoding="UTF-8"?>
<!-- Generated by org.testng.reporters.JUnitXMLReporter -->
<testsuite ignored="2" hostname="Wayne-Enterprises" failures="0" tests="1" name="FirefoxTest" time="15.359" errors="0" timestamp="2026-03-23T23:12:26 IST">
  <testcase classname="testscripts.ManageNewsTest" name="verifyWhetherUserIsAbleToSearchNews" time="4.467"/>
  <testcase classname="testscripts.ManageNewsTest" name="verifyWhetherUserIsAbleToResetNewsPage" time="0.0">
    <ignored/>
  </testcase> <!-- verifyWhetherUserIsAbleToResetNewsPage -->
  <testcase classname="testscripts.ManageNewsTest" name="verifyWhetherUserIsAbleToAddNewNews" time="0.0">
    <ignored/>
  </testcase> <!-- verifyWhetherUserIsAbleToAddNewNews -->
</testsuite> <!-- FirefoxTest -->
