<?xml version="1.0" encoding="UTF-8"?>
<!-- Generated by org.testng.reporters.JUnitXMLReporter -->
<testsuite ignored="0" hostname="Wayne-Enterprises" failures="0" tests="5" name="Test" time="23.677" errors="0" timestamp="2026-04-01T01:08:43 IST">
  <testcase classname="testscripts.LoginTest" name="verifyUserLoginWithValidCredentials" time="3.908"/>
  <testcase classname="testscripts.LoginTest" name="verifyUserLoginWithInvalidCredentials" time="1.264"/>
  <testcase classname="testscripts.LoginTest" name="verifyUserLoginWithInvalidUsernameValidPassword" time="1.379"/>
  <testcase classname="testscripts.LoginTest" name="verifyUserLoginWithValidUsernameInvalidPassword" time="0.911"/>
  <testcase classname="testscripts.LoginTest" name="verifyUserLoginWithValidUsernameInvalidPassword" time="0.902"/>
</testsuite> <!-- Test -->
