<?xml version="1.0" encoding="UTF-8"?>
<!-- Generated by org.testng.reporters.JUnitXMLReporter -->
<testsuite ignored="0" hostname="Wayne-Enterprises" failures="1" tests="4" name="LoginTest" time="23.251" errors="0" timestamp="2026-03-23T23:33:33 IST">
  <testcase classname="testscripts.LoginTest" name="verifyUserLoginWithValidCredentials" time="2.783"/>
  <testcase classname="testscripts.LoginTest" name="verifyUserLoginWithInvalidCredentials" time="1.207"/>
  <testcase classname="testscripts.LoginTest" name="verifyUserLoginWithInvalidUsernameValidPassword" time="1.432">
    <failure type="java.lang.AssertionError" message="Sign In button is not displayed, User was able to login with invalid username and valid password expected [false] but found [true]">
      <![CDATA[java.lang.AssertionError: Sign In button is not displayed, User was able to login with invalid username and valid password expected [false] but found [true]
at testscripts.LoginTest.verifyUserLoginWithInvalidUsernameValidPassword(LoginTest.java:51)
at java.base/java.util.concurrent.Executors$RunnableAdapter.call(Executors.java:572)
at java.base/java.util.concurrent.FutureTask.run(FutureTask.java:317)
at java.base/java.util.concurrent.ThreadPoolExecutor.runWorker(ThreadPoolExecutor.java:1144)
at java.base/java.util.concurrent.ThreadPoolExecutor$Worker.run(ThreadPoolExecutor.java:642)
at java.base/java.lang.Thread.run(Thread.java:1583)
... Removed 14 stack frames]]>
    </failure>
  </testcase> <!-- verifyUserLoginWithInvalidUsernameValidPassword -->
  <testcase classname="testscripts.LoginTest" name="verifyUserLoginWithValidUsernameInvalidPassword" time="1.847"/>
</testsuite> <!-- LoginTest -->
