<?xml version="1.0" encoding="UTF-8"?>
<!-- Generated by org.testng.reporters.JUnitXMLReporter -->
<testsuite ignored="0" hostname="Wayne-Enterprises" failures="0" tests="3" name="ManageNewsTest" time="45.329" errors="0" timestamp="2026-03-23T23:40:51 IST">
  <testcase classname="testscripts.ManageNewsTest" name="verifyWhetherUserIsAbleToAddNewNews" time="4.706"/>
  <testcase classname="testscripts.ManageNewsTest" name="verifyWhetherUserIsAbleToSearchNews" time="3.948"/>
  <testcase classname="testscripts.ManageNewsTest" name="verifyWhetherUserIsAbleToResetNewsPage" time="5.82"/>
</testsuite> <!-- ManageNewsTest -->
