<?xml version="1.0" encoding="UTF-8"?>
<!-- Generated by org.testng.reporters.JUnitReportReporter -->
<testsuite hostname="Wayne-Enterprises" failures="0" tests="3" name="testscripts.AdminUsersTest" time="27.734" errors="0" timestamp="2026-04-01T00:27:41 IST" skipped="0">
  <testcase classname="testscripts.AdminUsersTest" name="verifyWhetherUserIsAbleResetAdminUserPage" time="8.814"/>
  <testcase classname="testscripts.AdminUsersTest" name="verifyWhetherUserIsAbleToAddNewUser" time="9.374"/>
  <testcase classname="testscripts.AdminUsersTest" name="verifyWhetherUserIsAbleToSearchNewAdminUser" time="9.546"/>
</testsuite> <!-- testscripts.AdminUsersTest -->
