<?xml version="1.0" encoding="UTF-8"?>
<!-- Generated by org.testng.reporters.JUnitReportReporter -->
<testsuite hostname="Wayne-Enterprises" failures="0" tests="3" name="testscripts.ManageNewsTest" time="22.270" errors="0" timestamp="2026-04-01T00:20:46 IST" skipped="0">
  <testcase classname="testscripts.ManageNewsTest" name="verifyWhetherUserIsAbleToAddNewNews" time="8.002"/>
  <testcase classname="testscripts.ManageNewsTest" name="verifyWhetherUserIsAbleToSearchNews" time="7.215"/>
  <testcase classname="testscripts.ManageNewsTest" name="verifyWhetherUserIsAbleToResetNewsPage" time="7.053"/>
</testsuite> <!-- testscripts.ManageNewsTest -->
